<?xml version="1.0" encoding="UTF-8"?>
<!-- Generated by org.testng.reporters.JUnitReportReporter -->
<testsuite skipped="0" hostname="DESKTOP-876IUID" name="database.dao.ContainerDAOTest" tests="1" failures="0" timestamp="27 Aug 2018 22:05:02 GMT" time="0.362" errors="0">
  <testcase name="testCreateAndDelete" time="0.362" classname="database.dao.ContainerDAOTest"/>
</testsuite> <!-- database.dao.ContainerDAOTest -->
